


ARM Macro Assembler    Page 1 


    1 00000000         ;/******************************************************
                       ***********************
    2 00000000         ; * @file:    startup_LPC11xx.s
    3 00000000         ; * @purpose: CMSIS Cortex-M0 Core Device Startup File 
    4 00000000         ; *           for the NXP LPC11xx Device Series 
    5 00000000         ; * @version: V1.0
    6 00000000         ; * @date:    25. Nov. 2008
    7 00000000         ; *------- <<< Use Configuration Wizard in Context Menu 
                       >>> ------------------
    8 00000000         ; *
    9 00000000         ; * Copyright (C) 2008 ARM Limited. All rights reserved.
                       
   10 00000000         ; * ARM Limited (ARM) is supplying this software for use
                        with Cortex-M0 
   11 00000000         ; * processor based microcontrollers.  This file can be 
                       freely distributed 
   12 00000000         ; * within development tools that are supporting such AR
                       M based processors. 
   13 00000000         ; *
   14 00000000         ; * THIS SOFTWARE IS PROVIDED "AS IS".  NO WARRANTIES, W
                       HETHER EXPRESS, IMPLIED
   15 00000000         ; * OR STATUTORY, INCLUDING, BUT NOT LIMITED TO, IMPLIED
                        WARRANTIES OF
   16 00000000         ; * MERCHANTABILITY AND FITNESS FOR A PARTICULAR PURPOSE
                        APPLY TO THIS SOFTWARE.
   17 00000000         ; * ARM SHALL NOT, IN ANY CIRCUMSTANCES, BE LIABLE FOR S
                       PECIAL, INCIDENTAL, OR
   18 00000000         ; * CONSEQUENTIAL DAMAGES, FOR ANY REASON WHATSOEVER.
   19 00000000         ; *
   20 00000000         ; ******************************************************
                       ***********************/
   21 00000000         
   22 00000000         
   23 00000000         ; <h> Stack Configuration
   24 00000000         ;   <o> Stack Size (in Bytes) <0x0-0xFFFFFFFF:8>
   25 00000000         ; </h>
   26 00000000         
   27 00000000 00000200 
                       Stack_Size
                               EQU              0x00000200
   28 00000000         
   29 00000000                 AREA             STACK, NOINIT, READWRITE, ALIGN
=3
   30 00000000         Stack_Mem
                               SPACE            Stack_Size
   31 00000200         __initial_sp
   32 00000200         
   33 00000200         
   34 00000200         ; <h> Heap Configuration
   35 00000200         ;   <o>  Heap Size (in Bytes) <0x0-0xFFFFFFFF:8>
   36 00000200         ; </h>
   37 00000200         
   38 00000200 00000100 
                       Heap_Size
                               EQU              0x00000100
   39 00000200         
   40 00000200                 AREA             HEAP, NOINIT, READWRITE, ALIGN=
3
   41 00000000         __heap_base



ARM Macro Assembler    Page 2 


   42 00000000         Heap_Mem
                               SPACE            Heap_Size
   43 00000100         __heap_limit
   44 00000100         
   45 00000100         
   46 00000100                 PRESERVE8
   47 00000100                 THUMB
   48 00000100         
   49 00000100         
   50 00000100         ; Vector Table Mapped to Address 0 at Reset
   51 00000100         
   52 00000100                 AREA             RESET, DATA, READONLY
   53 00000000                 EXPORT           __Vectors
   54 00000000         
   55 00000000 00000000 
                       __Vectors
                               DCD              __initial_sp ; Top of Stack
   56 00000004 00000000        DCD              Reset_Handler ; Reset Handler
   57 00000008 00000000        DCD              NMI_Handler ; NMI Handler
   58 0000000C 00000000        DCD              HardFault_Handler ; Hard Fault 
                                                            Handler
   59 00000010 00000000        DCD              MemManage_Handler 
                                                            ; MPU Fault Handler
                                                            
   60 00000014 00000000        DCD              BusFault_Handler 
                                                            ; Bus Fault Handler
                                                            
   61 00000018 00000000        DCD              UsageFault_Handler ; Usage Faul
                                                            t Handler
   62 0000001C 00000000        DCD              0           ; Reserved
   63 00000020 00000000        DCD              0           ; Reserved
   64 00000024 00000000        DCD              0           ; Reserved
   65 00000028 00000000        DCD              0           ; Reserved
   66 0000002C 00000000        DCD              SVC_Handler ; SVCall Handler
   67 00000030 00000000        DCD              DebugMon_Handler ; Debug Monito
                                                            r Handler
   68 00000034 00000000        DCD              0           ; Reserved
   69 00000038 00000000        DCD              PendSV_Handler ; PendSV Handler
                                                            
   70 0000003C 00000000        DCD              SysTick_Handler 
                                                            ; SysTick Handler
   71 00000040         
   72 00000040         ; Wakeup sources for the I/O pins:
   73 00000040         ;    PIO0 (0:11)
   74 00000040         ;    PIO1 (0)
   75 00000040 00000000        DCD              WAKEUP_IRQHandler 
                                                            ; PIO0_0  Wakeup
   76 00000044 00000000        DCD              WAKEUP_IRQHandler 
                                                            ; PIO0_1  Wakeup
   77 00000048 00000000        DCD              WAKEUP_IRQHandler 
                                                            ; PIO0_2  Wakeup
   78 0000004C 00000000        DCD              WAKEUP_IRQHandler 
                                                            ; PIO0_3  Wakeup
   79 00000050 00000000        DCD              WAKEUP_IRQHandler 
                                                            ; PIO0_4  Wakeup
   80 00000054 00000000        DCD              WAKEUP_IRQHandler 
                                                            ; PIO0_5  Wakeup
   81 00000058 00000000        DCD              WAKEUP_IRQHandler 
                                                            ; PIO0_6  Wakeup



ARM Macro Assembler    Page 3 


   82 0000005C 00000000        DCD              WAKEUP_IRQHandler 
                                                            ; PIO0_7  Wakeup
   83 00000060 00000000        DCD              WAKEUP_IRQHandler 
                                                            ; PIO0_8  Wakeup
   84 00000064 00000000        DCD              WAKEUP_IRQHandler 
                                                            ; PIO0_9  Wakeup
   85 00000068 00000000        DCD              WAKEUP_IRQHandler 
                                                            ; PIO0_10 Wakeup
   86 0000006C 00000000        DCD              WAKEUP_IRQHandler 
                                                            ; PIO0_11 Wakeup
   87 00000070 00000000        DCD              WAKEUP_IRQHandler 
                                                            ; PIO1_0  Wakeup
   88 00000074 00000000        DCD              ADCB_IRQHandler 
                                                            ; ADC B sequence
   89 00000078 00000000        DCD              SSP1_IRQHandler ; SPI/SSP1 Inte
                                                            rrupt
   90 0000007C 00000000        DCD              I2C_IRQHandler ; I2C0
   91 00000080 00000000        DCD              TIMER16_0_IRQHandler ; CT16B0 (
                                                            16-bit Timer 0)
   92 00000084 00000000        DCD              TIMER16_1_IRQHandler ; CT16B1 (
                                                            16-bit Timer 1)
   93 00000088 00000000        DCD              TIMER32_0_IRQHandler ; CT32B0 (
                                                            32-bit Timer 0)
   94 0000008C 00000000        DCD              TIMER32_1_IRQHandler ; CT32B1 (
                                                            32-bit Timer 1)
   95 00000090 00000000        DCD              SSP0_IRQHandler ; SPI/SSP0 Inte
                                                            rrupt
   96 00000094 00000000        DCD              UART_IRQHandler ; UART0
   97 00000098 00000000        DCD              UART1_IRQHandler ; UART1
   98 0000009C 00000000        DCD              UART2_IRQHandler ; UART2
   99 000000A0 00000000        DCD              ADCA_IRQHandler ; ADC A sequenc
                                                            e (A/D Converter)
  100 000000A4 00000000        DCD              WDT_IRQHandler ; WDT   (Watchdo
                                                            g Timer)
  101 000000A8 00000000        DCD              BOD_IRQHandler ; BOD   (Brownou
                                                            t Detect)
  102 000000AC 00000000        DCD              Reserved_IRQHandler
  103 000000B0 00000000        DCD              PIOINT3_IRQHandler ; PIO INT3
  104 000000B4 00000000        DCD              PIOINT2_IRQHandler ; PIO INT2
  105 000000B8 00000000        DCD              PIOINT1_IRQHandler ; PIO INT1
  106 000000BC 00000000        DCD              PIOINT0_IRQHandler ; PIO INT0
  107 000000C0         
  108 000000C0                 IF               :LNOT::DEF:NO_CRP
  109 000000C0                 AREA             |.ARM.__at_0x02FC|, CODE, READO
NLY
  110 00000000 FFFFFFFF 
                       CRP_Key DCD              0xFFFFFFFF
  111 00000004                 ENDIF
  112 00000004         
  113 00000004         
  114 00000004                 AREA             |.text|, CODE, READONLY
  115 00000000         
  116 00000000         
  117 00000000         ; Reset Handler
  118 00000000         
  119 00000000         Reset_Handler
                               PROC
  120 00000000                 EXPORT           Reset_Handler             [WEAK
]



ARM Macro Assembler    Page 4 


  121 00000000                 IMPORT           SystemInit
  122 00000000                 IMPORT           __main
  123 00000000 480A            LDR              R0, =SystemInit
  124 00000002 4780            BLX              R0
  125 00000004 480A            LDR              R0, =__main
  126 00000006 4700            BX               R0
  127 00000008                 ENDP
  128 00000008         
  129 00000008         
  130 00000008         ; Dummy Exception Handlers (infinite loops which can be 
                       modified)                
  131 00000008         
  132 00000008         ; now, under COMMON NMI.c and NMI.h, a real NMI handler 
                       is created if NMI is enabled 
  133 00000008         ; for particular peripheral.
  134 00000008         NMI_Handler
                               PROC
  135 00000008                 EXPORT           NMI_Handler               [WEAK
]
  136 00000008 E7FE            B                .
  137 0000000A                 ENDP
  139 0000000A         HardFault_Handler
                               PROC
  140 0000000A                 EXPORT           HardFault_Handler         [WEAK
]
  141 0000000A E7FE            B                .
  142 0000000C                 ENDP
  144 0000000C         MemManage_Handler
                               PROC
  145 0000000C                 EXPORT           MemManage_Handler         [WEAK
]
  146 0000000C E7FE            B                .
  147 0000000E                 ENDP
  149 0000000E         BusFault_Handler
                               PROC
  150 0000000E                 EXPORT           BusFault_Handler          [WEAK
]
  151 0000000E E7FE            B                .
  152 00000010                 ENDP
  154 00000010         UsageFault_Handler
                               PROC
  155 00000010                 EXPORT           UsageFault_Handler        [WEAK
]
  156 00000010 E7FE            B                .
  157 00000012                 ENDP
  158 00000012         SVC_Handler
                               PROC
  159 00000012                 EXPORT           SVC_Handler               [WEAK
]
  160 00000012 E7FE            B                .
  161 00000014                 ENDP
  163 00000014         DebugMon_Handler
                               PROC
  164 00000014                 EXPORT           DebugMon_Handler          [WEAK
]
  165 00000014 E7FE            B                .
  166 00000016                 ENDP
  167 00000016         PendSV_Handler
                               PROC



ARM Macro Assembler    Page 5 


  168 00000016                 EXPORT           PendSV_Handler            [WEAK
]
  169 00000016 E7FE            B                .
  170 00000018                 ENDP
  171 00000018         SysTick_Handler
                               PROC
  172 00000018                 EXPORT           SysTick_Handler           [WEAK
]
  173 00000018 E7FE            B                .
  174 0000001A                 ENDP
  175 0000001A         Reserved_IRQHandler
                               PROC
  176 0000001A                 EXPORT           Reserved_IRQHandler       [WEAK
]
  177 0000001A E7FE            B                .
  178 0000001C                 ENDP
  179 0000001C         
  180 0000001C         Default_Handler
                               PROC
  181 0000001C                 EXPORT           WAKEUP_IRQHandler        [WEAK]
  182 0000001C                 EXPORT           ADCB_IRQHandler          [WEAK]
  183 0000001C                 EXPORT           SSP1_IRQHandler          [WEAK]
  184 0000001C                 EXPORT           I2C_IRQHandler           [WEAK]
  185 0000001C                 EXPORT           TIMER16_0_IRQHandler     [WEAK]
  186 0000001C                 EXPORT           TIMER16_1_IRQHandler     [WEAK]
  187 0000001C                 EXPORT           TIMER32_0_IRQHandler     [WEAK]
  188 0000001C                 EXPORT           TIMER32_1_IRQHandler     [WEAK]
  189 0000001C                 EXPORT           SSP0_IRQHandler          [WEAK]
  190 0000001C                 EXPORT           UART_IRQHandler          [WEAK]
  191 0000001C                 EXPORT           UART1_IRQHandler         [WEAK]
  192 0000001C                 EXPORT           UART2_IRQHandler         [WEAK]
  193 0000001C                 EXPORT           ADCA_IRQHandler          [WEAK]
  194 0000001C                 EXPORT           WDT_IRQHandler           [WEAK]
  195 0000001C                 EXPORT           BOD_IRQHandler           [WEAK]
  196 0000001C                 EXPORT           PIOINT3_IRQHandler       [WEAK]
  197 0000001C                 EXPORT           PIOINT2_IRQHandler       [WEAK]
  198 0000001C                 EXPORT           PIOINT1_IRQHandler       [WEAK]
  199 0000001C                 EXPORT           PIOINT0_IRQHandler       [WEAK]
  200 0000001C         WAKEUP_IRQHandler
  201 0000001C         ADCB_IRQHandler
  202 0000001C         SSP1_IRQHandler
  203 0000001C         I2C_IRQHandler
  204 0000001C         TIMER16_0_IRQHandler
  205 0000001C         TIMER16_1_IRQHandler
  206 0000001C         TIMER32_0_IRQHandler
  207 0000001C         TIMER32_1_IRQHandler
  208 0000001C         SSP0_IRQHandler
  209 0000001C         UART_IRQHandler
  210 0000001C         UART1_IRQHandler
  211 0000001C         UART2_IRQHandler
  212 0000001C         ADCA_IRQHandler
  213 0000001C         WDT_IRQHandler
  214 0000001C         BOD_IRQHandler
  215 0000001C         PIOINT3_IRQHandler
  216 0000001C         PIOINT2_IRQHandler
  217 0000001C         PIOINT1_IRQHandler
  218 0000001C         PIOINT0_IRQHandler
  219 0000001C E7FE            B                .
  220 0000001E         



ARM Macro Assembler    Page 6 


  221 0000001E                 ENDP
  222 0000001E         
  223 0000001E 00 00           ALIGN
  224 00000020         
  225 00000020         ; User Initial Stack & Heap
  226 00000020         
  227 00000020                 IF               :DEF:__MICROLIB
  234 00000020         
  235 00000020                 IMPORT           __use_two_region_memory
  236 00000020                 EXPORT           __user_initial_stackheap
  237 00000020         __user_initial_stackheap
  238 00000020         
  239 00000020 4804            LDR              R0, =  Heap_Mem
  240 00000022 4905            LDR              R1, =(Stack_Mem + Stack_Size)
  241 00000024 4A05            LDR              R2, = (Heap_Mem +  Heap_Size)
  242 00000026 4B06            LDR              R3, = Stack_Mem
  243 00000028 4770            BX               LR
  244 0000002A         
  245 0000002A 00 00           ALIGN
  246 0000002C         
  247 0000002C                 ENDIF
  248 0000002C         
  249 0000002C                 END
              00000000 
              00000000 
              00000000 
              00000200 
              00000100 
              00000000 
Command Line: --debug --xref --diag_suppress=9931 --cpu=Cortex-M0 --apcs=interw
ork --depend=.\objects\keil_startup_lpc112x.d -o.\objects\keil_startup_lpc112x.
o -I.\RTE\_Example1 -IC:\Keil_v5\ARM\PACK\ARM\CMSIS\5.0.1\CMSIS\Include -IC:\Ke
il_v5\ARM\PACK\Keil\LPC1100_DFP\1.4.0\Device\Include\LPC11xx --predefine="__EVA
L SETA 1" --predefine="__UVISION_VERSION SETA 523" --predefine="_RTE_ SETA 1" -
-list=.\listings\keil_startup_lpc112x.lst ..\..\lpcopen_2_17_keil_iar_nxp_lpcxp
resso_1125\applications\lpc112x\startup_code\keil_startup_lpc112x.s



ARM Macro Assembler    Page 1 Alphabetic symbol ordering
Relocatable symbols

STACK 00000000

Symbol: STACK
   Definitions
      At line 29 in file ..\..\lpcopen_2_17_keil_iar_nxp_lpcxpresso_1125\applic
ations\lpc112x\startup_code\keil_startup_lpc112x.s
   Uses
      None
Comment: STACK unused
Stack_Mem 00000000

Symbol: Stack_Mem
   Definitions
      At line 30 in file ..\..\lpcopen_2_17_keil_iar_nxp_lpcxpresso_1125\applic
ations\lpc112x\startup_code\keil_startup_lpc112x.s
   Uses
      At line 240 in file ..\..\lpcopen_2_17_keil_iar_nxp_lpcxpresso_1125\appli
cations\lpc112x\startup_code\keil_startup_lpc112x.s
      At line 242 in file ..\..\lpcopen_2_17_keil_iar_nxp_lpcxpresso_1125\appli
cations\lpc112x\startup_code\keil_startup_lpc112x.s

__initial_sp 00000200

Symbol: __initial_sp
   Definitions
      At line 31 in file ..\..\lpcopen_2_17_keil_iar_nxp_lpcxpresso_1125\applic
ations\lpc112x\startup_code\keil_startup_lpc112x.s
   Uses
      At line 55 in file ..\..\lpcopen_2_17_keil_iar_nxp_lpcxpresso_1125\applic
ations\lpc112x\startup_code\keil_startup_lpc112x.s
Comment: __initial_sp used once
3 symbols



ARM Macro Assembler    Page 1 Alphabetic symbol ordering
Relocatable symbols

HEAP 00000000

Symbol: HEAP
   Definitions
      At line 40 in file ..\..\lpcopen_2_17_keil_iar_nxp_lpcxpresso_1125\applic
ations\lpc112x\startup_code\keil_startup_lpc112x.s
   Uses
      None
Comment: HEAP unused
Heap_Mem 00000000

Symbol: Heap_Mem
   Definitions
      At line 42 in file ..\..\lpcopen_2_17_keil_iar_nxp_lpcxpresso_1125\applic
ations\lpc112x\startup_code\keil_startup_lpc112x.s
   Uses
      At line 239 in file ..\..\lpcopen_2_17_keil_iar_nxp_lpcxpresso_1125\appli
cations\lpc112x\startup_code\keil_startup_lpc112x.s
      At line 241 in file ..\..\lpcopen_2_17_keil_iar_nxp_lpcxpresso_1125\appli
cations\lpc112x\startup_code\keil_startup_lpc112x.s

__heap_base 00000000

Symbol: __heap_base
   Definitions
      At line 41 in file ..\..\lpcopen_2_17_keil_iar_nxp_lpcxpresso_1125\applic
ations\lpc112x\startup_code\keil_startup_lpc112x.s
   Uses
      None
Comment: __heap_base unused
__heap_limit 00000100

Symbol: __heap_limit
   Definitions
      At line 43 in file ..\..\lpcopen_2_17_keil_iar_nxp_lpcxpresso_1125\applic
ations\lpc112x\startup_code\keil_startup_lpc112x.s
   Uses
      None
Comment: __heap_limit unused
4 symbols



ARM Macro Assembler    Page 1 Alphabetic symbol ordering
Relocatable symbols

RESET 00000000

Symbol: RESET
   Definitions
      At line 52 in file ..\..\lpcopen_2_17_keil_iar_nxp_lpcxpresso_1125\applic
ations\lpc112x\startup_code\keil_startup_lpc112x.s
   Uses
      None
Comment: RESET unused
__Vectors 00000000

Symbol: __Vectors
   Definitions
      At line 55 in file ..\..\lpcopen_2_17_keil_iar_nxp_lpcxpresso_1125\applic
ations\lpc112x\startup_code\keil_startup_lpc112x.s
   Uses
      At line 53 in file ..\..\lpcopen_2_17_keil_iar_nxp_lpcxpresso_1125\applic
ations\lpc112x\startup_code\keil_startup_lpc112x.s
Comment: __Vectors used once
2 symbols



ARM Macro Assembler    Page 1 Alphabetic symbol ordering
Relocatable symbols

.ARM.__at_0x02FC 00000000

Symbol: .ARM.__at_0x02FC
   Definitions
      At line 109 in file ..\..\lpcopen_2_17_keil_iar_nxp_lpcxpresso_1125\appli
cations\lpc112x\startup_code\keil_startup_lpc112x.s
   Uses
      None
Comment: .ARM.__at_0x02FC unused
CRP_Key 00000000

Symbol: CRP_Key
   Definitions
      At line 110 in file ..\..\lpcopen_2_17_keil_iar_nxp_lpcxpresso_1125\appli
cations\lpc112x\startup_code\keil_startup_lpc112x.s
   Uses
      None
Comment: CRP_Key unused
2 symbols



ARM Macro Assembler    Page 1 Alphabetic symbol ordering
Relocatable symbols

.text 00000000

Symbol: .text
   Definitions
      At line 114 in file ..\..\lpcopen_2_17_keil_iar_nxp_lpcxpresso_1125\appli
cations\lpc112x\startup_code\keil_startup_lpc112x.s
   Uses
      None
Comment: .text unused
ADCA_IRQHandler 0000001C

Symbol: ADCA_IRQHandler
   Definitions
      At line 212 in file ..\..\lpcopen_2_17_keil_iar_nxp_lpcxpresso_1125\appli
cations\lpc112x\startup_code\keil_startup_lpc112x.s
   Uses
      At line 99 in file ..\..\lpcopen_2_17_keil_iar_nxp_lpcxpresso_1125\applic
ations\lpc112x\startup_code\keil_startup_lpc112x.s
      At line 193 in file ..\..\lpcopen_2_17_keil_iar_nxp_lpcxpresso_1125\appli
cations\lpc112x\startup_code\keil_startup_lpc112x.s

ADCB_IRQHandler 0000001C

Symbol: ADCB_IRQHandler
   Definitions
      At line 201 in file ..\..\lpcopen_2_17_keil_iar_nxp_lpcxpresso_1125\appli
cations\lpc112x\startup_code\keil_startup_lpc112x.s
   Uses
      At line 88 in file ..\..\lpcopen_2_17_keil_iar_nxp_lpcxpresso_1125\applic
ations\lpc112x\startup_code\keil_startup_lpc112x.s
      At line 182 in file ..\..\lpcopen_2_17_keil_iar_nxp_lpcxpresso_1125\appli
cations\lpc112x\startup_code\keil_startup_lpc112x.s

BOD_IRQHandler 0000001C

Symbol: BOD_IRQHandler
   Definitions
      At line 214 in file ..\..\lpcopen_2_17_keil_iar_nxp_lpcxpresso_1125\appli
cations\lpc112x\startup_code\keil_startup_lpc112x.s
   Uses
      At line 101 in file ..\..\lpcopen_2_17_keil_iar_nxp_lpcxpresso_1125\appli
cations\lpc112x\startup_code\keil_startup_lpc112x.s
      At line 195 in file ..\..\lpcopen_2_17_keil_iar_nxp_lpcxpresso_1125\appli
cations\lpc112x\startup_code\keil_startup_lpc112x.s

BusFault_Handler 0000000E

Symbol: BusFault_Handler
   Definitions
      At line 149 in file ..\..\lpcopen_2_17_keil_iar_nxp_lpcxpresso_1125\appli
cations\lpc112x\startup_code\keil_startup_lpc112x.s
   Uses
      At line 60 in file ..\..\lpcopen_2_17_keil_iar_nxp_lpcxpresso_1125\applic
ations\lpc112x\startup_code\keil_startup_lpc112x.s
      At line 150 in file ..\..\lpcopen_2_17_keil_iar_nxp_lpcxpresso_1125\appli
cations\lpc112x\startup_code\keil_startup_lpc112x.s

DebugMon_Handler 00000014




ARM Macro Assembler    Page 2 Alphabetic symbol ordering
Relocatable symbols

Symbol: DebugMon_Handler
   Definitions
      At line 163 in file ..\..\lpcopen_2_17_keil_iar_nxp_lpcxpresso_1125\appli
cations\lpc112x\startup_code\keil_startup_lpc112x.s
   Uses
      At line 67 in file ..\..\lpcopen_2_17_keil_iar_nxp_lpcxpresso_1125\applic
ations\lpc112x\startup_code\keil_startup_lpc112x.s
      At line 164 in file ..\..\lpcopen_2_17_keil_iar_nxp_lpcxpresso_1125\appli
cations\lpc112x\startup_code\keil_startup_lpc112x.s

Default_Handler 0000001C

Symbol: Default_Handler
   Definitions
      At line 180 in file ..\..\lpcopen_2_17_keil_iar_nxp_lpcxpresso_1125\appli
cations\lpc112x\startup_code\keil_startup_lpc112x.s
   Uses
      None
Comment: Default_Handler unused
HardFault_Handler 0000000A

Symbol: HardFault_Handler
   Definitions
      At line 139 in file ..\..\lpcopen_2_17_keil_iar_nxp_lpcxpresso_1125\appli
cations\lpc112x\startup_code\keil_startup_lpc112x.s
   Uses
      At line 58 in file ..\..\lpcopen_2_17_keil_iar_nxp_lpcxpresso_1125\applic
ations\lpc112x\startup_code\keil_startup_lpc112x.s
      At line 140 in file ..\..\lpcopen_2_17_keil_iar_nxp_lpcxpresso_1125\appli
cations\lpc112x\startup_code\keil_startup_lpc112x.s

I2C_IRQHandler 0000001C

Symbol: I2C_IRQHandler
   Definitions
      At line 203 in file ..\..\lpcopen_2_17_keil_iar_nxp_lpcxpresso_1125\appli
cations\lpc112x\startup_code\keil_startup_lpc112x.s
   Uses
      At line 90 in file ..\..\lpcopen_2_17_keil_iar_nxp_lpcxpresso_1125\applic
ations\lpc112x\startup_code\keil_startup_lpc112x.s
      At line 184 in file ..\..\lpcopen_2_17_keil_iar_nxp_lpcxpresso_1125\appli
cations\lpc112x\startup_code\keil_startup_lpc112x.s

MemManage_Handler 0000000C

Symbol: MemManage_Handler
   Definitions
      At line 144 in file ..\..\lpcopen_2_17_keil_iar_nxp_lpcxpresso_1125\appli
cations\lpc112x\startup_code\keil_startup_lpc112x.s
   Uses
      At line 59 in file ..\..\lpcopen_2_17_keil_iar_nxp_lpcxpresso_1125\applic
ations\lpc112x\startup_code\keil_startup_lpc112x.s
      At line 145 in file ..\..\lpcopen_2_17_keil_iar_nxp_lpcxpresso_1125\appli
cations\lpc112x\startup_code\keil_startup_lpc112x.s

NMI_Handler 00000008

Symbol: NMI_Handler
   Definitions



ARM Macro Assembler    Page 3 Alphabetic symbol ordering
Relocatable symbols

      At line 134 in file ..\..\lpcopen_2_17_keil_iar_nxp_lpcxpresso_1125\appli
cations\lpc112x\startup_code\keil_startup_lpc112x.s
   Uses
      At line 57 in file ..\..\lpcopen_2_17_keil_iar_nxp_lpcxpresso_1125\applic
ations\lpc112x\startup_code\keil_startup_lpc112x.s
      At line 135 in file ..\..\lpcopen_2_17_keil_iar_nxp_lpcxpresso_1125\appli
cations\lpc112x\startup_code\keil_startup_lpc112x.s

PIOINT0_IRQHandler 0000001C

Symbol: PIOINT0_IRQHandler
   Definitions
      At line 218 in file ..\..\lpcopen_2_17_keil_iar_nxp_lpcxpresso_1125\appli
cations\lpc112x\startup_code\keil_startup_lpc112x.s
   Uses
      At line 106 in file ..\..\lpcopen_2_17_keil_iar_nxp_lpcxpresso_1125\appli
cations\lpc112x\startup_code\keil_startup_lpc112x.s
      At line 199 in file ..\..\lpcopen_2_17_keil_iar_nxp_lpcxpresso_1125\appli
cations\lpc112x\startup_code\keil_startup_lpc112x.s

PIOINT1_IRQHandler 0000001C

Symbol: PIOINT1_IRQHandler
   Definitions
      At line 217 in file ..\..\lpcopen_2_17_keil_iar_nxp_lpcxpresso_1125\appli
cations\lpc112x\startup_code\keil_startup_lpc112x.s
   Uses
      At line 105 in file ..\..\lpcopen_2_17_keil_iar_nxp_lpcxpresso_1125\appli
cations\lpc112x\startup_code\keil_startup_lpc112x.s
      At line 198 in file ..\..\lpcopen_2_17_keil_iar_nxp_lpcxpresso_1125\appli
cations\lpc112x\startup_code\keil_startup_lpc112x.s

PIOINT2_IRQHandler 0000001C

Symbol: PIOINT2_IRQHandler
   Definitions
      At line 216 in file ..\..\lpcopen_2_17_keil_iar_nxp_lpcxpresso_1125\appli
cations\lpc112x\startup_code\keil_startup_lpc112x.s
   Uses
      At line 104 in file ..\..\lpcopen_2_17_keil_iar_nxp_lpcxpresso_1125\appli
cations\lpc112x\startup_code\keil_startup_lpc112x.s
      At line 197 in file ..\..\lpcopen_2_17_keil_iar_nxp_lpcxpresso_1125\appli
cations\lpc112x\startup_code\keil_startup_lpc112x.s

PIOINT3_IRQHandler 0000001C

Symbol: PIOINT3_IRQHandler
   Definitions
      At line 215 in file ..\..\lpcopen_2_17_keil_iar_nxp_lpcxpresso_1125\appli
cations\lpc112x\startup_code\keil_startup_lpc112x.s
   Uses
      At line 103 in file ..\..\lpcopen_2_17_keil_iar_nxp_lpcxpresso_1125\appli
cations\lpc112x\startup_code\keil_startup_lpc112x.s
      At line 196 in file ..\..\lpcopen_2_17_keil_iar_nxp_lpcxpresso_1125\appli
cations\lpc112x\startup_code\keil_startup_lpc112x.s

PendSV_Handler 00000016

Symbol: PendSV_Handler



ARM Macro Assembler    Page 4 Alphabetic symbol ordering
Relocatable symbols

   Definitions
      At line 167 in file ..\..\lpcopen_2_17_keil_iar_nxp_lpcxpresso_1125\appli
cations\lpc112x\startup_code\keil_startup_lpc112x.s
   Uses
      At line 69 in file ..\..\lpcopen_2_17_keil_iar_nxp_lpcxpresso_1125\applic
ations\lpc112x\startup_code\keil_startup_lpc112x.s
      At line 168 in file ..\..\lpcopen_2_17_keil_iar_nxp_lpcxpresso_1125\appli
cations\lpc112x\startup_code\keil_startup_lpc112x.s

Reserved_IRQHandler 0000001A

Symbol: Reserved_IRQHandler
   Definitions
      At line 175 in file ..\..\lpcopen_2_17_keil_iar_nxp_lpcxpresso_1125\appli
cations\lpc112x\startup_code\keil_startup_lpc112x.s
   Uses
      At line 102 in file ..\..\lpcopen_2_17_keil_iar_nxp_lpcxpresso_1125\appli
cations\lpc112x\startup_code\keil_startup_lpc112x.s
      At line 176 in file ..\..\lpcopen_2_17_keil_iar_nxp_lpcxpresso_1125\appli
cations\lpc112x\startup_code\keil_startup_lpc112x.s

Reset_Handler 00000000

Symbol: Reset_Handler
   Definitions
      At line 119 in file ..\..\lpcopen_2_17_keil_iar_nxp_lpcxpresso_1125\appli
cations\lpc112x\startup_code\keil_startup_lpc112x.s
   Uses
      At line 56 in file ..\..\lpcopen_2_17_keil_iar_nxp_lpcxpresso_1125\applic
ations\lpc112x\startup_code\keil_startup_lpc112x.s
      At line 120 in file ..\..\lpcopen_2_17_keil_iar_nxp_lpcxpresso_1125\appli
cations\lpc112x\startup_code\keil_startup_lpc112x.s

SSP0_IRQHandler 0000001C

Symbol: SSP0_IRQHandler
   Definitions
      At line 208 in file ..\..\lpcopen_2_17_keil_iar_nxp_lpcxpresso_1125\appli
cations\lpc112x\startup_code\keil_startup_lpc112x.s
   Uses
      At line 95 in file ..\..\lpcopen_2_17_keil_iar_nxp_lpcxpresso_1125\applic
ations\lpc112x\startup_code\keil_startup_lpc112x.s
      At line 189 in file ..\..\lpcopen_2_17_keil_iar_nxp_lpcxpresso_1125\appli
cations\lpc112x\startup_code\keil_startup_lpc112x.s

SSP1_IRQHandler 0000001C

Symbol: SSP1_IRQHandler
   Definitions
      At line 202 in file ..\..\lpcopen_2_17_keil_iar_nxp_lpcxpresso_1125\appli
cations\lpc112x\startup_code\keil_startup_lpc112x.s
   Uses
      At line 89 in file ..\..\lpcopen_2_17_keil_iar_nxp_lpcxpresso_1125\applic
ations\lpc112x\startup_code\keil_startup_lpc112x.s
      At line 183 in file ..\..\lpcopen_2_17_keil_iar_nxp_lpcxpresso_1125\appli
cations\lpc112x\startup_code\keil_startup_lpc112x.s

SVC_Handler 00000012




ARM Macro Assembler    Page 5 Alphabetic symbol ordering
Relocatable symbols

Symbol: SVC_Handler
   Definitions
      At line 158 in file ..\..\lpcopen_2_17_keil_iar_nxp_lpcxpresso_1125\appli
cations\lpc112x\startup_code\keil_startup_lpc112x.s
   Uses
      At line 66 in file ..\..\lpcopen_2_17_keil_iar_nxp_lpcxpresso_1125\applic
ations\lpc112x\startup_code\keil_startup_lpc112x.s
      At line 159 in file ..\..\lpcopen_2_17_keil_iar_nxp_lpcxpresso_1125\appli
cations\lpc112x\startup_code\keil_startup_lpc112x.s

SysTick_Handler 00000018

Symbol: SysTick_Handler
   Definitions
      At line 171 in file ..\..\lpcopen_2_17_keil_iar_nxp_lpcxpresso_1125\appli
cations\lpc112x\startup_code\keil_startup_lpc112x.s
   Uses
      At line 70 in file ..\..\lpcopen_2_17_keil_iar_nxp_lpcxpresso_1125\applic
ations\lpc112x\startup_code\keil_startup_lpc112x.s
      At line 172 in file ..\..\lpcopen_2_17_keil_iar_nxp_lpcxpresso_1125\appli
cations\lpc112x\startup_code\keil_startup_lpc112x.s

TIMER16_0_IRQHandler 0000001C

Symbol: TIMER16_0_IRQHandler
   Definitions
      At line 204 in file ..\..\lpcopen_2_17_keil_iar_nxp_lpcxpresso_1125\appli
cations\lpc112x\startup_code\keil_startup_lpc112x.s
   Uses
      At line 91 in file ..\..\lpcopen_2_17_keil_iar_nxp_lpcxpresso_1125\applic
ations\lpc112x\startup_code\keil_startup_lpc112x.s
      At line 185 in file ..\..\lpcopen_2_17_keil_iar_nxp_lpcxpresso_1125\appli
cations\lpc112x\startup_code\keil_startup_lpc112x.s

TIMER16_1_IRQHandler 0000001C

Symbol: TIMER16_1_IRQHandler
   Definitions
      At line 205 in file ..\..\lpcopen_2_17_keil_iar_nxp_lpcxpresso_1125\appli
cations\lpc112x\startup_code\keil_startup_lpc112x.s
   Uses
      At line 92 in file ..\..\lpcopen_2_17_keil_iar_nxp_lpcxpresso_1125\applic
ations\lpc112x\startup_code\keil_startup_lpc112x.s
      At line 186 in file ..\..\lpcopen_2_17_keil_iar_nxp_lpcxpresso_1125\appli
cations\lpc112x\startup_code\keil_startup_lpc112x.s

TIMER32_0_IRQHandler 0000001C

Symbol: TIMER32_0_IRQHandler
   Definitions
      At line 206 in file ..\..\lpcopen_2_17_keil_iar_nxp_lpcxpresso_1125\appli
cations\lpc112x\startup_code\keil_startup_lpc112x.s
   Uses
      At line 93 in file ..\..\lpcopen_2_17_keil_iar_nxp_lpcxpresso_1125\applic
ations\lpc112x\startup_code\keil_startup_lpc112x.s
      At line 187 in file ..\..\lpcopen_2_17_keil_iar_nxp_lpcxpresso_1125\appli
cations\lpc112x\startup_code\keil_startup_lpc112x.s

TIMER32_1_IRQHandler 0000001C



ARM Macro Assembler    Page 6 Alphabetic symbol ordering
Relocatable symbols


Symbol: TIMER32_1_IRQHandler
   Definitions
      At line 207 in file ..\..\lpcopen_2_17_keil_iar_nxp_lpcxpresso_1125\appli
cations\lpc112x\startup_code\keil_startup_lpc112x.s
   Uses
      At line 94 in file ..\..\lpcopen_2_17_keil_iar_nxp_lpcxpresso_1125\applic
ations\lpc112x\startup_code\keil_startup_lpc112x.s
      At line 188 in file ..\..\lpcopen_2_17_keil_iar_nxp_lpcxpresso_1125\appli
cations\lpc112x\startup_code\keil_startup_lpc112x.s

UART1_IRQHandler 0000001C

Symbol: UART1_IRQHandler
   Definitions
      At line 210 in file ..\..\lpcopen_2_17_keil_iar_nxp_lpcxpresso_1125\appli
cations\lpc112x\startup_code\keil_startup_lpc112x.s
   Uses
      At line 97 in file ..\..\lpcopen_2_17_keil_iar_nxp_lpcxpresso_1125\applic
ations\lpc112x\startup_code\keil_startup_lpc112x.s
      At line 191 in file ..\..\lpcopen_2_17_keil_iar_nxp_lpcxpresso_1125\appli
cations\lpc112x\startup_code\keil_startup_lpc112x.s

UART2_IRQHandler 0000001C

Symbol: UART2_IRQHandler
   Definitions
      At line 211 in file ..\..\lpcopen_2_17_keil_iar_nxp_lpcxpresso_1125\appli
cations\lpc112x\startup_code\keil_startup_lpc112x.s
   Uses
      At line 98 in file ..\..\lpcopen_2_17_keil_iar_nxp_lpcxpresso_1125\applic
ations\lpc112x\startup_code\keil_startup_lpc112x.s
      At line 192 in file ..\..\lpcopen_2_17_keil_iar_nxp_lpcxpresso_1125\appli
cations\lpc112x\startup_code\keil_startup_lpc112x.s

UART_IRQHandler 0000001C

Symbol: UART_IRQHandler
   Definitions
      At line 209 in file ..\..\lpcopen_2_17_keil_iar_nxp_lpcxpresso_1125\appli
cations\lpc112x\startup_code\keil_startup_lpc112x.s
   Uses
      At line 96 in file ..\..\lpcopen_2_17_keil_iar_nxp_lpcxpresso_1125\applic
ations\lpc112x\startup_code\keil_startup_lpc112x.s
      At line 190 in file ..\..\lpcopen_2_17_keil_iar_nxp_lpcxpresso_1125\appli
cations\lpc112x\startup_code\keil_startup_lpc112x.s

UsageFault_Handler 00000010

Symbol: UsageFault_Handler
   Definitions
      At line 154 in file ..\..\lpcopen_2_17_keil_iar_nxp_lpcxpresso_1125\appli
cations\lpc112x\startup_code\keil_startup_lpc112x.s
   Uses
      At line 61 in file ..\..\lpcopen_2_17_keil_iar_nxp_lpcxpresso_1125\applic
ations\lpc112x\startup_code\keil_startup_lpc112x.s
      At line 155 in file ..\..\lpcopen_2_17_keil_iar_nxp_lpcxpresso_1125\appli
cations\lpc112x\startup_code\keil_startup_lpc112x.s




ARM Macro Assembler    Page 7 Alphabetic symbol ordering
Relocatable symbols

WAKEUP_IRQHandler 0000001C

Symbol: WAKEUP_IRQHandler
   Definitions
      At line 200 in file ..\..\lpcopen_2_17_keil_iar_nxp_lpcxpresso_1125\appli
cations\lpc112x\startup_code\keil_startup_lpc112x.s
   Uses
      At line 75 in file ..\..\lpcopen_2_17_keil_iar_nxp_lpcxpresso_1125\applic
ations\lpc112x\startup_code\keil_startup_lpc112x.s
      At line 76 in file ..\..\lpcopen_2_17_keil_iar_nxp_lpcxpresso_1125\applic
ations\lpc112x\startup_code\keil_startup_lpc112x.s
      At line 77 in file ..\..\lpcopen_2_17_keil_iar_nxp_lpcxpresso_1125\applic
ations\lpc112x\startup_code\keil_startup_lpc112x.s
      At line 78 in file ..\..\lpcopen_2_17_keil_iar_nxp_lpcxpresso_1125\applic
ations\lpc112x\startup_code\keil_startup_lpc112x.s
      At line 79 in file ..\..\lpcopen_2_17_keil_iar_nxp_lpcxpresso_1125\applic
ations\lpc112x\startup_code\keil_startup_lpc112x.s
      At line 80 in file ..\..\lpcopen_2_17_keil_iar_nxp_lpcxpresso_1125\applic
ations\lpc112x\startup_code\keil_startup_lpc112x.s
      At line 81 in file ..\..\lpcopen_2_17_keil_iar_nxp_lpcxpresso_1125\applic
ations\lpc112x\startup_code\keil_startup_lpc112x.s
      At line 82 in file ..\..\lpcopen_2_17_keil_iar_nxp_lpcxpresso_1125\applic
ations\lpc112x\startup_code\keil_startup_lpc112x.s
      At line 83 in file ..\..\lpcopen_2_17_keil_iar_nxp_lpcxpresso_1125\applic
ations\lpc112x\startup_code\keil_startup_lpc112x.s
      At line 84 in file ..\..\lpcopen_2_17_keil_iar_nxp_lpcxpresso_1125\applic
ations\lpc112x\startup_code\keil_startup_lpc112x.s
      At line 85 in file ..\..\lpcopen_2_17_keil_iar_nxp_lpcxpresso_1125\applic
ations\lpc112x\startup_code\keil_startup_lpc112x.s
      At line 86 in file ..\..\lpcopen_2_17_keil_iar_nxp_lpcxpresso_1125\applic
ations\lpc112x\startup_code\keil_startup_lpc112x.s
      At line 87 in file ..\..\lpcopen_2_17_keil_iar_nxp_lpcxpresso_1125\applic
ations\lpc112x\startup_code\keil_startup_lpc112x.s
      At line 181 in file ..\..\lpcopen_2_17_keil_iar_nxp_lpcxpresso_1125\appli
cations\lpc112x\startup_code\keil_startup_lpc112x.s

WDT_IRQHandler 0000001C

Symbol: WDT_IRQHandler
   Definitions
      At line 213 in file ..\..\lpcopen_2_17_keil_iar_nxp_lpcxpresso_1125\appli
cations\lpc112x\startup_code\keil_startup_lpc112x.s
   Uses
      At line 100 in file ..\..\lpcopen_2_17_keil_iar_nxp_lpcxpresso_1125\appli
cations\lpc112x\startup_code\keil_startup_lpc112x.s
      At line 194 in file ..\..\lpcopen_2_17_keil_iar_nxp_lpcxpresso_1125\appli
cations\lpc112x\startup_code\keil_startup_lpc112x.s

__user_initial_stackheap 00000020

Symbol: __user_initial_stackheap
   Definitions
      At line 237 in file ..\..\lpcopen_2_17_keil_iar_nxp_lpcxpresso_1125\appli
cations\lpc112x\startup_code\keil_startup_lpc112x.s
   Uses
      At line 236 in file ..\..\lpcopen_2_17_keil_iar_nxp_lpcxpresso_1125\appli
cations\lpc112x\startup_code\keil_startup_lpc112x.s
Comment: __user_initial_stackheap used once
33 symbols



ARM Macro Assembler    Page 1 Alphabetic symbol ordering
Absolute symbols

Heap_Size 00000100

Symbol: Heap_Size
   Definitions
      At line 38 in file ..\..\lpcopen_2_17_keil_iar_nxp_lpcxpresso_1125\applic
ations\lpc112x\startup_code\keil_startup_lpc112x.s
   Uses
      At line 42 in file ..\..\lpcopen_2_17_keil_iar_nxp_lpcxpresso_1125\applic
ations\lpc112x\startup_code\keil_startup_lpc112x.s
      At line 241 in file ..\..\lpcopen_2_17_keil_iar_nxp_lpcxpresso_1125\appli
cations\lpc112x\startup_code\keil_startup_lpc112x.s

Stack_Size 00000200

Symbol: Stack_Size
   Definitions
      At line 27 in file ..\..\lpcopen_2_17_keil_iar_nxp_lpcxpresso_1125\applic
ations\lpc112x\startup_code\keil_startup_lpc112x.s
   Uses
      At line 30 in file ..\..\lpcopen_2_17_keil_iar_nxp_lpcxpresso_1125\applic
ations\lpc112x\startup_code\keil_startup_lpc112x.s
      At line 240 in file ..\..\lpcopen_2_17_keil_iar_nxp_lpcxpresso_1125\appli
cations\lpc112x\startup_code\keil_startup_lpc112x.s

2 symbols



ARM Macro Assembler    Page 1 Alphabetic symbol ordering
External symbols

SystemInit 00000000

Symbol: SystemInit
   Definitions
      At line 121 in file ..\..\lpcopen_2_17_keil_iar_nxp_lpcxpresso_1125\appli
cations\lpc112x\startup_code\keil_startup_lpc112x.s
   Uses
      At line 123 in file ..\..\lpcopen_2_17_keil_iar_nxp_lpcxpresso_1125\appli
cations\lpc112x\startup_code\keil_startup_lpc112x.s
Comment: SystemInit used once
__main 00000000

Symbol: __main
   Definitions
      At line 122 in file ..\..\lpcopen_2_17_keil_iar_nxp_lpcxpresso_1125\appli
cations\lpc112x\startup_code\keil_startup_lpc112x.s
   Uses
      At line 125 in file ..\..\lpcopen_2_17_keil_iar_nxp_lpcxpresso_1125\appli
cations\lpc112x\startup_code\keil_startup_lpc112x.s
Comment: __main used once
__use_two_region_memory 00000000

Symbol: __use_two_region_memory
   Definitions
      At line 235 in file ..\..\lpcopen_2_17_keil_iar_nxp_lpcxpresso_1125\appli
cations\lpc112x\startup_code\keil_startup_lpc112x.s
   Uses
      None
Comment: __use_two_region_memory unused
3 symbols
388 symbols in table
