


ARM Macro Assembler    Page 1 


    1 00000000         ;/******************************************************
                       ***********************
    2 00000000         ; * @file:    startup_LPC11xx.s
    3 00000000         ; * @purpose: CMSIS Cortex-M0 Core Device Startup File 
    4 00000000         ; *           for the NXP LPC11xx Device Series 
    5 00000000         ; * @version: V1.0
    6 00000000         ; * @date:    25. Nov. 2008
    7 00000000         ; *------- <<< Use Configuration Wizard in Context Menu 
                       >>> ------------------
    8 00000000         ; *
    9 00000000         ; * Copyright (C) 2008 ARM Limited. All rights reserved.
                       
   10 00000000         ; * ARM Limited (ARM) is supplying this software for use
                        with Cortex-M0 
   11 00000000         ; * processor based microcontrollers.  This file can be 
                       freely distributed 
   12 00000000         ; * within development tools that are supporting such AR
                       M based processors. 
   13 00000000         ; *
   14 00000000         ; * THIS SOFTWARE IS PROVIDED "AS IS".  NO WARRANTIES, W
                       HETHER EXPRESS, IMPLIED
   15 00000000         ; * OR STATUTORY, INCLUDING, BUT NOT LIMITED TO, IMPLIED
                        WARRANTIES OF
   16 00000000         ; * MERCHANTABILITY AND FITNESS FOR A PARTICULAR PURPOSE
                        APPLY TO THIS SOFTWARE.
   17 00000000         ; * ARM SHALL NOT, IN ANY CIRCUMSTANCES, BE LIABLE FOR S
                       PECIAL, INCIDENTAL, OR
   18 00000000         ; * CONSEQUENTIAL DAMAGES, FOR ANY REASON WHATSOEVER.
   19 00000000         ; *
   20 00000000         ; ******************************************************
                       ***********************/
   21 00000000         
   22 00000000         ; <h> Stack Configuration
   23 00000000         ;   <o> Stack Size (in Bytes) <0x0-0xFFFFFFFF:8>
   24 00000000         ; </h>
   25 00000000         
   26 00000000 00000200 
                       Stack_Size
                               EQU              0x00000200
   27 00000000         
   28 00000000                 AREA             STACK, NOINIT, READWRITE, ALIGN
=3
   29 00000000         Stack_Mem
                               SPACE            Stack_Size
   30 00000200         __initial_sp
   31 00000200         
   32 00000200         
   33 00000200         ; <h> Heap Configuration
   34 00000200         ;   <o>  Heap Size (in Bytes) <0x0-0xFFFFFFFF:8>
   35 00000200         ; </h>
   36 00000200         
   37 00000200 00000100 
                       Heap_Size
                               EQU              0x00000100
   38 00000200         
   39 00000200                 AREA             HEAP, NOINIT, READWRITE, ALIGN=
3
   40 00000000         __heap_base
   41 00000000         Heap_Mem



ARM Macro Assembler    Page 2 


                               SPACE            Heap_Size
   42 00000100         __heap_limit
   43 00000100         
   44 00000100         
   45 00000100                 PRESERVE8
   46 00000100                 THUMB
   47 00000100         
   48 00000100         
   49 00000100         ; Vector Table Mapped to Address 0 at Reset
   50 00000100         
   51 00000100                 AREA             RESET, DATA, READONLY
   52 00000000                 EXPORT           __Vectors
   53 00000000         
   54 00000000 00000000 
                       __Vectors
                               DCD              __initial_sp ; Top of Stack
   55 00000004 00000000        DCD              Reset_Handler ; Reset Handler
   56 00000008 00000000        DCD              NMI_Handler ; NMI Handler
   57 0000000C 00000000        DCD              HardFault_Handler ; Hard Fault 
                                                            Handler
   58 00000010 00000000        DCD              MemManage_Handler 
                                                            ; MPU Fault Handler
                                                            
   59 00000014 00000000        DCD              BusFault_Handler 
                                                            ; Bus Fault Handler
                                                            
   60 00000018 00000000        DCD              UsageFault_Handler ; Usage Faul
                                                            t Handler
   61 0000001C 00000000        DCD              0           ; Reserved
   62 00000020 00000000        DCD              0           ; Reserved
   63 00000024 00000000        DCD              0           ; Reserved
   64 00000028 00000000        DCD              0           ; Reserved
   65 0000002C 00000000        DCD              SVC_Handler ; SVCall Handler
   66 00000030 00000000        DCD              DebugMon_Handler ; Debug Monito
                                                            r Handler
   67 00000034 00000000        DCD              0           ; Reserved
   68 00000038 00000000        DCD              PendSV_Handler ; PendSV Handler
                                                            
   69 0000003C 00000000        DCD              SysTick_Handler 
                                                            ; SysTick Handler
   70 00000040         
   71 00000040         
   72 00000040         ; Wakeup sources for the I/O pins:
   73 00000040         ;   PIO0 (0:11)
   74 00000040         ;   PIO1 (0)
   75 00000040 00000000        DCD              WAKEUP_IRQHandler 
                                                            ; PIO0_0  Wakeup
   76 00000044 00000000        DCD              Reserved_IRQHandler
   77 00000048 00000000        DCD              Reserved_IRQHandler
   78 0000004C 00000000        DCD              Reserved_IRQHandler
   79 00000050 00000000        DCD              Reserved_IRQHandler
   80 00000054 00000000        DCD              Reserved_IRQHandler
   81 00000058 00000000        DCD              Reserved_IRQHandler
   82 0000005C 00000000        DCD              Reserved_IRQHandler
   83 00000060 00000000        DCD              WAKEUP_IRQHandler 
                                                            ; PIO0_8  Wakeup
   84 00000064 00000000        DCD              WAKEUP_IRQHandler 
                                                            ; PIO0_9  Wakeup
   85 00000068 00000000        DCD              WAKEUP_IRQHandler 



ARM Macro Assembler    Page 3 


                                                            ; PIO0_10 Wakeup
   86 0000006C 00000000        DCD              WAKEUP_IRQHandler 
                                                            ; PIO0_11 Wakeup
   87 00000070 00000000        DCD              WAKEUP_IRQHandler 
                                                            ; PIO1_0  Wakeup
   88 00000074 00000000        DCD              Reserved_IRQHandler
   89 00000078 00000000        DCD              Reserved_IRQHandler
   90 0000007C 00000000        DCD              Reserved_IRQHandler
   91 00000080 00000000        DCD              TIMER16_0_IRQHandler ; CT16B0 (
                                                            16-bit Timer 0)
   92 00000084 00000000        DCD              TIMER16_1_IRQHandler ; CT16B1 (
                                                            16-bit Timer 1)
   93 00000088 00000000        DCD              TIMER32_0_IRQHandler ; CT32B0 (
                                                            32-bit Timer 0)
   94 0000008C 00000000        DCD              TIMER32_1_IRQHandler ; CT32B0 (
                                                            32-bit Timer 1)
   95 00000090 00000000        DCD              SSP0_IRQHandler ; SPI/SSP0 Inte
                                                            rrupt
   96 00000094 00000000        DCD              UART_IRQHandler ; UART0
   97 00000098 00000000        DCD              Reserved_IRQHandler
   98 0000009C 00000000        DCD              Reserved_IRQHandler
   99 000000A0 00000000        DCD              ADC_IRQHandler ; ADC   (A/D Con
                                                            verter)
  100 000000A4 00000000        DCD              WDT_IRQHandler ; WDT   (Watchdo
                                                            g Timer)
  101 000000A8 00000000        DCD              BOD_IRQHandler ; BOD   (Brownou
                                                            t Detect)
  102 000000AC 00000000        DCD              Reserved_IRQHandler
  103 000000B0 00000000        DCD              Reserved_IRQHandler
  104 000000B4 00000000        DCD              Reserved_IRQHandler
  105 000000B8 00000000        DCD              PIOINT1_IRQHandler ; PIO INT1
  106 000000BC 00000000        DCD              PIOINT0_IRQHandler ; PIO INT0
  107 000000C0         
  108 000000C0         
  109 000000C0         
  110 000000C0                 IF               :LNOT::DEF:NO_CRP
  111 000000C0                 AREA             |.ARM.__at_0x02FC|, CODE, READO
NLY
  112 00000000 FFFFFFFF 
                       CRP_Key DCD              0xFFFFFFFF
  113 00000004                 ENDIF
  114 00000004         
  115 00000004         
  116 00000004                 AREA             |.text|, CODE, READONLY
  117 00000000         
  118 00000000         
  119 00000000         ; Reset Handler
  120 00000000         
  121 00000000         Reset_Handler
                               PROC
  122 00000000                 EXPORT           Reset_Handler             [WEAK
]
  123 00000000                 IMPORT           SystemInit
  124 00000000                 IMPORT           __main
  125 00000000 480A            LDR              R0, =SystemInit
  126 00000002 4780            BLX              R0
  127 00000004 480A            LDR              R0, =__main
  128 00000006 4700            BX               R0
  129 00000008                 ENDP



ARM Macro Assembler    Page 4 


  130 00000008         
  131 00000008         
  132 00000008         ; Dummy Exception Handlers (infinite loops which can be 
                       modified)                
  133 00000008         
  134 00000008         ; now, under COMMON NMI.c and NMI.h, a real NMI handler 
                       is created if NMI is enabled 
  135 00000008         ; for particular peripheral.
  136 00000008         NMI_Handler
                               PROC
  137 00000008                 EXPORT           NMI_Handler               [WEAK
]
  138 00000008 E7FE            B                .
  139 0000000A                 ENDP
  141 0000000A         HardFault_Handler
                               PROC
  142 0000000A                 EXPORT           HardFault_Handler         [WEAK
]
  143 0000000A E7FE            B                .
  144 0000000C                 ENDP
  146 0000000C         MemManage_Handler
                               PROC
  147 0000000C                 EXPORT           MemManage_Handler         [WEAK
]
  148 0000000C E7FE            B                .
  149 0000000E                 ENDP
  151 0000000E         BusFault_Handler
                               PROC
  152 0000000E                 EXPORT           BusFault_Handler          [WEAK
]
  153 0000000E E7FE            B                .
  154 00000010                 ENDP
  156 00000010         UsageFault_Handler
                               PROC
  157 00000010                 EXPORT           UsageFault_Handler        [WEAK
]
  158 00000010 E7FE            B                .
  159 00000012                 ENDP
  160 00000012         SVC_Handler
                               PROC
  161 00000012                 EXPORT           SVC_Handler               [WEAK
]
  162 00000012 E7FE            B                .
  163 00000014                 ENDP
  165 00000014         DebugMon_Handler
                               PROC
  166 00000014                 EXPORT           DebugMon_Handler          [WEAK
]
  167 00000014 E7FE            B                .
  168 00000016                 ENDP
  169 00000016         PendSV_Handler
                               PROC
  170 00000016                 EXPORT           PendSV_Handler            [WEAK
]
  171 00000016 E7FE            B                .
  172 00000018                 ENDP
  173 00000018         SysTick_Handler
                               PROC
  174 00000018                 EXPORT           SysTick_Handler           [WEAK



ARM Macro Assembler    Page 5 


]
  175 00000018 E7FE            B                .
  176 0000001A                 ENDP
  177 0000001A         Reserved_IRQHandler
                               PROC
  178 0000001A                 EXPORT           Reserved_IRQHandler       [WEAK
]
  179 0000001A E7FE            B                .
  180 0000001C                 ENDP
  181 0000001C         
  182 0000001C         Default_Handler
                               PROC
  183 0000001C         
  184 0000001C         
  185 0000001C         
  186 0000001C                 EXPORT           WAKEUP_IRQHandler         [WEAK
]
  187 0000001C                 EXPORT           TIMER16_0_IRQHandler      [WEAK
]
  188 0000001C                 EXPORT           TIMER16_1_IRQHandler      [WEAK
]
  189 0000001C                 EXPORT           TIMER32_0_IRQHandler      [WEAK
]
  190 0000001C                 EXPORT           TIMER32_1_IRQHandler      [WEAK
]
  191 0000001C                 EXPORT           SSP0_IRQHandler           [WEAK
]
  192 0000001C                 EXPORT           UART_IRQHandler           [WEAK
]
  193 0000001C                 EXPORT           ADC_IRQHandler            [WEAK
]
  194 0000001C                 EXPORT           WDT_IRQHandler            [WEAK
]
  195 0000001C                 EXPORT           BOD_IRQHandler            [WEAK
]
  196 0000001C                 EXPORT           PIOINT1_IRQHandler        [WEAK
]
  197 0000001C                 EXPORT           PIOINT0_IRQHandler        [WEAK
]
  198 0000001C         
  199 0000001C         WAKEUP_IRQHandler
  200 0000001C         TIMER16_0_IRQHandler
  201 0000001C         TIMER16_1_IRQHandler
  202 0000001C         TIMER32_0_IRQHandler
  203 0000001C         TIMER32_1_IRQHandler
  204 0000001C         SSP0_IRQHandler
  205 0000001C         UART_IRQHandler
  206 0000001C         ADC_IRQHandler
  207 0000001C         WDT_IRQHandler
  208 0000001C         BOD_IRQHandler
  209 0000001C         PIOINT1_IRQHandler
  210 0000001C         PIOINT0_IRQHandler
  211 0000001C         
  212 0000001C E7FE            B                .
  213 0000001E         
  214 0000001E                 ENDP
  215 0000001E         
  216 0000001E 00 00           ALIGN
  217 00000020         



ARM Macro Assembler    Page 6 


  218 00000020         ; User Initial Stack & Heap
  219 00000020         
  220 00000020                 IF               :DEF:__MICROLIB
  227 00000020         
  228 00000020                 IMPORT           __use_two_region_memory
  229 00000020                 EXPORT           __user_initial_stackheap
  230 00000020         __user_initial_stackheap
  231 00000020         
  232 00000020 4804            LDR              R0, =  Heap_Mem
  233 00000022 4905            LDR              R1, =(Stack_Mem + Stack_Size)
  234 00000024 4A05            LDR              R2, = (Heap_Mem +  Heap_Size)
  235 00000026 4B06            LDR              R3, = Stack_Mem
  236 00000028 4770            BX               LR
  237 0000002A         
  238 0000002A 00 00           ALIGN
  239 0000002C         
  240 0000002C                 ENDIF
  241 0000002C         
  242 0000002C                 END
              00000000 
              00000000 
              00000000 
              00000200 
              00000100 
              00000000 
Command Line: --debug --xref --diag_suppress=9931 --cpu=Cortex-M0 --apcs=interw
ork --depend=.\objects\keil_startup_lpc11xx.d -o.\objects\keil_startup_lpc11xx.
o -I.\RTE\_Example6 -IC:\Keil_v5\ARM\PACK\ARM\CMSIS\5.1.0\CMSIS\Include -IC:\Ke
il_v5\ARM\PACK\Keil\LPC1100_DFP\1.4.0\Device\Include\LPC11xx --predefine="__EVA
L SETA 1" --predefine="__UVISION_VERSION SETA 524" --predefine="_RTE_ SETA 1" -
-list=.\listings\keil_startup_lpc11xx.lst ..\..\lpcopen_v2_00a_keil_iar_nxp_lpc
xpresso_11c24\applications\lpc11xx\startup_code\keil_startup_lpc11xx.s



ARM Macro Assembler    Page 1 Alphabetic symbol ordering
Relocatable symbols

STACK 00000000

Symbol: STACK
   Definitions
      At line 28 in file ..\..\lpcopen_v2_00a_keil_iar_nxp_lpcxpresso_11c24\app
lications\lpc11xx\startup_code\keil_startup_lpc11xx.s
   Uses
      None
Comment: STACK unused
Stack_Mem 00000000

Symbol: Stack_Mem
   Definitions
      At line 29 in file ..\..\lpcopen_v2_00a_keil_iar_nxp_lpcxpresso_11c24\app
lications\lpc11xx\startup_code\keil_startup_lpc11xx.s
   Uses
      At line 233 in file ..\..\lpcopen_v2_00a_keil_iar_nxp_lpcxpresso_11c24\ap
plications\lpc11xx\startup_code\keil_startup_lpc11xx.s
      At line 235 in file ..\..\lpcopen_v2_00a_keil_iar_nxp_lpcxpresso_11c24\ap
plications\lpc11xx\startup_code\keil_startup_lpc11xx.s

__initial_sp 00000200

Symbol: __initial_sp
   Definitions
      At line 30 in file ..\..\lpcopen_v2_00a_keil_iar_nxp_lpcxpresso_11c24\app
lications\lpc11xx\startup_code\keil_startup_lpc11xx.s
   Uses
      At line 54 in file ..\..\lpcopen_v2_00a_keil_iar_nxp_lpcxpresso_11c24\app
lications\lpc11xx\startup_code\keil_startup_lpc11xx.s
Comment: __initial_sp used once
3 symbols



ARM Macro Assembler    Page 1 Alphabetic symbol ordering
Relocatable symbols

HEAP 00000000

Symbol: HEAP
   Definitions
      At line 39 in file ..\..\lpcopen_v2_00a_keil_iar_nxp_lpcxpresso_11c24\app
lications\lpc11xx\startup_code\keil_startup_lpc11xx.s
   Uses
      None
Comment: HEAP unused
Heap_Mem 00000000

Symbol: Heap_Mem
   Definitions
      At line 41 in file ..\..\lpcopen_v2_00a_keil_iar_nxp_lpcxpresso_11c24\app
lications\lpc11xx\startup_code\keil_startup_lpc11xx.s
   Uses
      At line 232 in file ..\..\lpcopen_v2_00a_keil_iar_nxp_lpcxpresso_11c24\ap
plications\lpc11xx\startup_code\keil_startup_lpc11xx.s
      At line 234 in file ..\..\lpcopen_v2_00a_keil_iar_nxp_lpcxpresso_11c24\ap
plications\lpc11xx\startup_code\keil_startup_lpc11xx.s

__heap_base 00000000

Symbol: __heap_base
   Definitions
      At line 40 in file ..\..\lpcopen_v2_00a_keil_iar_nxp_lpcxpresso_11c24\app
lications\lpc11xx\startup_code\keil_startup_lpc11xx.s
   Uses
      None
Comment: __heap_base unused
__heap_limit 00000100

Symbol: __heap_limit
   Definitions
      At line 42 in file ..\..\lpcopen_v2_00a_keil_iar_nxp_lpcxpresso_11c24\app
lications\lpc11xx\startup_code\keil_startup_lpc11xx.s
   Uses
      None
Comment: __heap_limit unused
4 symbols



ARM Macro Assembler    Page 1 Alphabetic symbol ordering
Relocatable symbols

RESET 00000000

Symbol: RESET
   Definitions
      At line 51 in file ..\..\lpcopen_v2_00a_keil_iar_nxp_lpcxpresso_11c24\app
lications\lpc11xx\startup_code\keil_startup_lpc11xx.s
   Uses
      None
Comment: RESET unused
__Vectors 00000000

Symbol: __Vectors
   Definitions
      At line 54 in file ..\..\lpcopen_v2_00a_keil_iar_nxp_lpcxpresso_11c24\app
lications\lpc11xx\startup_code\keil_startup_lpc11xx.s
   Uses
      At line 52 in file ..\..\lpcopen_v2_00a_keil_iar_nxp_lpcxpresso_11c24\app
lications\lpc11xx\startup_code\keil_startup_lpc11xx.s
Comment: __Vectors used once
2 symbols



ARM Macro Assembler    Page 1 Alphabetic symbol ordering
Relocatable symbols

.ARM.__at_0x02FC 00000000

Symbol: .ARM.__at_0x02FC
   Definitions
      At line 111 in file ..\..\lpcopen_v2_00a_keil_iar_nxp_lpcxpresso_11c24\ap
plications\lpc11xx\startup_code\keil_startup_lpc11xx.s
   Uses
      None
Comment: .ARM.__at_0x02FC unused
CRP_Key 00000000

Symbol: CRP_Key
   Definitions
      At line 112 in file ..\..\lpcopen_v2_00a_keil_iar_nxp_lpcxpresso_11c24\ap
plications\lpc11xx\startup_code\keil_startup_lpc11xx.s
   Uses
      None
Comment: CRP_Key unused
2 symbols



ARM Macro Assembler    Page 1 Alphabetic symbol ordering
Relocatable symbols

.text 00000000

Symbol: .text
   Definitions
      At line 116 in file ..\..\lpcopen_v2_00a_keil_iar_nxp_lpcxpresso_11c24\ap
plications\lpc11xx\startup_code\keil_startup_lpc11xx.s
   Uses
      None
Comment: .text unused
ADC_IRQHandler 0000001C

Symbol: ADC_IRQHandler
   Definitions
      At line 206 in file ..\..\lpcopen_v2_00a_keil_iar_nxp_lpcxpresso_11c24\ap
plications\lpc11xx\startup_code\keil_startup_lpc11xx.s
   Uses
      At line 99 in file ..\..\lpcopen_v2_00a_keil_iar_nxp_lpcxpresso_11c24\app
lications\lpc11xx\startup_code\keil_startup_lpc11xx.s
      At line 193 in file ..\..\lpcopen_v2_00a_keil_iar_nxp_lpcxpresso_11c24\ap
plications\lpc11xx\startup_code\keil_startup_lpc11xx.s

BOD_IRQHandler 0000001C

Symbol: BOD_IRQHandler
   Definitions
      At line 208 in file ..\..\lpcopen_v2_00a_keil_iar_nxp_lpcxpresso_11c24\ap
plications\lpc11xx\startup_code\keil_startup_lpc11xx.s
   Uses
      At line 101 in file ..\..\lpcopen_v2_00a_keil_iar_nxp_lpcxpresso_11c24\ap
plications\lpc11xx\startup_code\keil_startup_lpc11xx.s
      At line 195 in file ..\..\lpcopen_v2_00a_keil_iar_nxp_lpcxpresso_11c24\ap
plications\lpc11xx\startup_code\keil_startup_lpc11xx.s

BusFault_Handler 0000000E

Symbol: BusFault_Handler
   Definitions
      At line 151 in file ..\..\lpcopen_v2_00a_keil_iar_nxp_lpcxpresso_11c24\ap
plications\lpc11xx\startup_code\keil_startup_lpc11xx.s
   Uses
      At line 59 in file ..\..\lpcopen_v2_00a_keil_iar_nxp_lpcxpresso_11c24\app
lications\lpc11xx\startup_code\keil_startup_lpc11xx.s
      At line 152 in file ..\..\lpcopen_v2_00a_keil_iar_nxp_lpcxpresso_11c24\ap
plications\lpc11xx\startup_code\keil_startup_lpc11xx.s

DebugMon_Handler 00000014

Symbol: DebugMon_Handler
   Definitions
      At line 165 in file ..\..\lpcopen_v2_00a_keil_iar_nxp_lpcxpresso_11c24\ap
plications\lpc11xx\startup_code\keil_startup_lpc11xx.s
   Uses
      At line 66 in file ..\..\lpcopen_v2_00a_keil_iar_nxp_lpcxpresso_11c24\app
lications\lpc11xx\startup_code\keil_startup_lpc11xx.s
      At line 166 in file ..\..\lpcopen_v2_00a_keil_iar_nxp_lpcxpresso_11c24\ap
plications\lpc11xx\startup_code\keil_startup_lpc11xx.s

Default_Handler 0000001C




ARM Macro Assembler    Page 2 Alphabetic symbol ordering
Relocatable symbols

Symbol: Default_Handler
   Definitions
      At line 182 in file ..\..\lpcopen_v2_00a_keil_iar_nxp_lpcxpresso_11c24\ap
plications\lpc11xx\startup_code\keil_startup_lpc11xx.s
   Uses
      None
Comment: Default_Handler unused
HardFault_Handler 0000000A

Symbol: HardFault_Handler
   Definitions
      At line 141 in file ..\..\lpcopen_v2_00a_keil_iar_nxp_lpcxpresso_11c24\ap
plications\lpc11xx\startup_code\keil_startup_lpc11xx.s
   Uses
      At line 57 in file ..\..\lpcopen_v2_00a_keil_iar_nxp_lpcxpresso_11c24\app
lications\lpc11xx\startup_code\keil_startup_lpc11xx.s
      At line 142 in file ..\..\lpcopen_v2_00a_keil_iar_nxp_lpcxpresso_11c24\ap
plications\lpc11xx\startup_code\keil_startup_lpc11xx.s

MemManage_Handler 0000000C

Symbol: MemManage_Handler
   Definitions
      At line 146 in file ..\..\lpcopen_v2_00a_keil_iar_nxp_lpcxpresso_11c24\ap
plications\lpc11xx\startup_code\keil_startup_lpc11xx.s
   Uses
      At line 58 in file ..\..\lpcopen_v2_00a_keil_iar_nxp_lpcxpresso_11c24\app
lications\lpc11xx\startup_code\keil_startup_lpc11xx.s
      At line 147 in file ..\..\lpcopen_v2_00a_keil_iar_nxp_lpcxpresso_11c24\ap
plications\lpc11xx\startup_code\keil_startup_lpc11xx.s

NMI_Handler 00000008

Symbol: NMI_Handler
   Definitions
      At line 136 in file ..\..\lpcopen_v2_00a_keil_iar_nxp_lpcxpresso_11c24\ap
plications\lpc11xx\startup_code\keil_startup_lpc11xx.s
   Uses
      At line 56 in file ..\..\lpcopen_v2_00a_keil_iar_nxp_lpcxpresso_11c24\app
lications\lpc11xx\startup_code\keil_startup_lpc11xx.s
      At line 137 in file ..\..\lpcopen_v2_00a_keil_iar_nxp_lpcxpresso_11c24\ap
plications\lpc11xx\startup_code\keil_startup_lpc11xx.s

PIOINT0_IRQHandler 0000001C

Symbol: PIOINT0_IRQHandler
   Definitions
      At line 210 in file ..\..\lpcopen_v2_00a_keil_iar_nxp_lpcxpresso_11c24\ap
plications\lpc11xx\startup_code\keil_startup_lpc11xx.s
   Uses
      At line 106 in file ..\..\lpcopen_v2_00a_keil_iar_nxp_lpcxpresso_11c24\ap
plications\lpc11xx\startup_code\keil_startup_lpc11xx.s
      At line 197 in file ..\..\lpcopen_v2_00a_keil_iar_nxp_lpcxpresso_11c24\ap
plications\lpc11xx\startup_code\keil_startup_lpc11xx.s

PIOINT1_IRQHandler 0000001C

Symbol: PIOINT1_IRQHandler
   Definitions



ARM Macro Assembler    Page 3 Alphabetic symbol ordering
Relocatable symbols

      At line 209 in file ..\..\lpcopen_v2_00a_keil_iar_nxp_lpcxpresso_11c24\ap
plications\lpc11xx\startup_code\keil_startup_lpc11xx.s
   Uses
      At line 105 in file ..\..\lpcopen_v2_00a_keil_iar_nxp_lpcxpresso_11c24\ap
plications\lpc11xx\startup_code\keil_startup_lpc11xx.s
      At line 196 in file ..\..\lpcopen_v2_00a_keil_iar_nxp_lpcxpresso_11c24\ap
plications\lpc11xx\startup_code\keil_startup_lpc11xx.s

PendSV_Handler 00000016

Symbol: PendSV_Handler
   Definitions
      At line 169 in file ..\..\lpcopen_v2_00a_keil_iar_nxp_lpcxpresso_11c24\ap
plications\lpc11xx\startup_code\keil_startup_lpc11xx.s
   Uses
      At line 68 in file ..\..\lpcopen_v2_00a_keil_iar_nxp_lpcxpresso_11c24\app
lications\lpc11xx\startup_code\keil_startup_lpc11xx.s
      At line 170 in file ..\..\lpcopen_v2_00a_keil_iar_nxp_lpcxpresso_11c24\ap
plications\lpc11xx\startup_code\keil_startup_lpc11xx.s

Reserved_IRQHandler 0000001A

Symbol: Reserved_IRQHandler
   Definitions
      At line 177 in file ..\..\lpcopen_v2_00a_keil_iar_nxp_lpcxpresso_11c24\ap
plications\lpc11xx\startup_code\keil_startup_lpc11xx.s
   Uses
      At line 76 in file ..\..\lpcopen_v2_00a_keil_iar_nxp_lpcxpresso_11c24\app
lications\lpc11xx\startup_code\keil_startup_lpc11xx.s
      At line 77 in file ..\..\lpcopen_v2_00a_keil_iar_nxp_lpcxpresso_11c24\app
lications\lpc11xx\startup_code\keil_startup_lpc11xx.s
      At line 78 in file ..\..\lpcopen_v2_00a_keil_iar_nxp_lpcxpresso_11c24\app
lications\lpc11xx\startup_code\keil_startup_lpc11xx.s
      At line 79 in file ..\..\lpcopen_v2_00a_keil_iar_nxp_lpcxpresso_11c24\app
lications\lpc11xx\startup_code\keil_startup_lpc11xx.s
      At line 80 in file ..\..\lpcopen_v2_00a_keil_iar_nxp_lpcxpresso_11c24\app
lications\lpc11xx\startup_code\keil_startup_lpc11xx.s
      At line 81 in file ..\..\lpcopen_v2_00a_keil_iar_nxp_lpcxpresso_11c24\app
lications\lpc11xx\startup_code\keil_startup_lpc11xx.s
      At line 82 in file ..\..\lpcopen_v2_00a_keil_iar_nxp_lpcxpresso_11c24\app
lications\lpc11xx\startup_code\keil_startup_lpc11xx.s
      At line 88 in file ..\..\lpcopen_v2_00a_keil_iar_nxp_lpcxpresso_11c24\app
lications\lpc11xx\startup_code\keil_startup_lpc11xx.s
      At line 89 in file ..\..\lpcopen_v2_00a_keil_iar_nxp_lpcxpresso_11c24\app
lications\lpc11xx\startup_code\keil_startup_lpc11xx.s
      At line 90 in file ..\..\lpcopen_v2_00a_keil_iar_nxp_lpcxpresso_11c24\app
lications\lpc11xx\startup_code\keil_startup_lpc11xx.s
      At line 97 in file ..\..\lpcopen_v2_00a_keil_iar_nxp_lpcxpresso_11c24\app
lications\lpc11xx\startup_code\keil_startup_lpc11xx.s
      At line 98 in file ..\..\lpcopen_v2_00a_keil_iar_nxp_lpcxpresso_11c24\app
lications\lpc11xx\startup_code\keil_startup_lpc11xx.s
      At line 102 in file ..\..\lpcopen_v2_00a_keil_iar_nxp_lpcxpresso_11c24\ap
plications\lpc11xx\startup_code\keil_startup_lpc11xx.s
      At line 103 in file ..\..\lpcopen_v2_00a_keil_iar_nxp_lpcxpresso_11c24\ap
plications\lpc11xx\startup_code\keil_startup_lpc11xx.s
      At line 104 in file ..\..\lpcopen_v2_00a_keil_iar_nxp_lpcxpresso_11c24\ap
plications\lpc11xx\startup_code\keil_startup_lpc11xx.s
      At line 178 in file ..\..\lpcopen_v2_00a_keil_iar_nxp_lpcxpresso_11c24\ap
plications\lpc11xx\startup_code\keil_startup_lpc11xx.s



ARM Macro Assembler    Page 4 Alphabetic symbol ordering
Relocatable symbols


Reset_Handler 00000000

Symbol: Reset_Handler
   Definitions
      At line 121 in file ..\..\lpcopen_v2_00a_keil_iar_nxp_lpcxpresso_11c24\ap
plications\lpc11xx\startup_code\keil_startup_lpc11xx.s
   Uses
      At line 55 in file ..\..\lpcopen_v2_00a_keil_iar_nxp_lpcxpresso_11c24\app
lications\lpc11xx\startup_code\keil_startup_lpc11xx.s
      At line 122 in file ..\..\lpcopen_v2_00a_keil_iar_nxp_lpcxpresso_11c24\ap
plications\lpc11xx\startup_code\keil_startup_lpc11xx.s

SSP0_IRQHandler 0000001C

Symbol: SSP0_IRQHandler
   Definitions
      At line 204 in file ..\..\lpcopen_v2_00a_keil_iar_nxp_lpcxpresso_11c24\ap
plications\lpc11xx\startup_code\keil_startup_lpc11xx.s
   Uses
      At line 95 in file ..\..\lpcopen_v2_00a_keil_iar_nxp_lpcxpresso_11c24\app
lications\lpc11xx\startup_code\keil_startup_lpc11xx.s
      At line 191 in file ..\..\lpcopen_v2_00a_keil_iar_nxp_lpcxpresso_11c24\ap
plications\lpc11xx\startup_code\keil_startup_lpc11xx.s

SVC_Handler 00000012

Symbol: SVC_Handler
   Definitions
      At line 160 in file ..\..\lpcopen_v2_00a_keil_iar_nxp_lpcxpresso_11c24\ap
plications\lpc11xx\startup_code\keil_startup_lpc11xx.s
   Uses
      At line 65 in file ..\..\lpcopen_v2_00a_keil_iar_nxp_lpcxpresso_11c24\app
lications\lpc11xx\startup_code\keil_startup_lpc11xx.s
      At line 161 in file ..\..\lpcopen_v2_00a_keil_iar_nxp_lpcxpresso_11c24\ap
plications\lpc11xx\startup_code\keil_startup_lpc11xx.s

SysTick_Handler 00000018

Symbol: SysTick_Handler
   Definitions
      At line 173 in file ..\..\lpcopen_v2_00a_keil_iar_nxp_lpcxpresso_11c24\ap
plications\lpc11xx\startup_code\keil_startup_lpc11xx.s
   Uses
      At line 69 in file ..\..\lpcopen_v2_00a_keil_iar_nxp_lpcxpresso_11c24\app
lications\lpc11xx\startup_code\keil_startup_lpc11xx.s
      At line 174 in file ..\..\lpcopen_v2_00a_keil_iar_nxp_lpcxpresso_11c24\ap
plications\lpc11xx\startup_code\keil_startup_lpc11xx.s

TIMER16_0_IRQHandler 0000001C

Symbol: TIMER16_0_IRQHandler
   Definitions
      At line 200 in file ..\..\lpcopen_v2_00a_keil_iar_nxp_lpcxpresso_11c24\ap
plications\lpc11xx\startup_code\keil_startup_lpc11xx.s
   Uses
      At line 91 in file ..\..\lpcopen_v2_00a_keil_iar_nxp_lpcxpresso_11c24\app
lications\lpc11xx\startup_code\keil_startup_lpc11xx.s
      At line 187 in file ..\..\lpcopen_v2_00a_keil_iar_nxp_lpcxpresso_11c24\ap



ARM Macro Assembler    Page 5 Alphabetic symbol ordering
Relocatable symbols

plications\lpc11xx\startup_code\keil_startup_lpc11xx.s

TIMER16_1_IRQHandler 0000001C

Symbol: TIMER16_1_IRQHandler
   Definitions
      At line 201 in file ..\..\lpcopen_v2_00a_keil_iar_nxp_lpcxpresso_11c24\ap
plications\lpc11xx\startup_code\keil_startup_lpc11xx.s
   Uses
      At line 92 in file ..\..\lpcopen_v2_00a_keil_iar_nxp_lpcxpresso_11c24\app
lications\lpc11xx\startup_code\keil_startup_lpc11xx.s
      At line 188 in file ..\..\lpcopen_v2_00a_keil_iar_nxp_lpcxpresso_11c24\ap
plications\lpc11xx\startup_code\keil_startup_lpc11xx.s

TIMER32_0_IRQHandler 0000001C

Symbol: TIMER32_0_IRQHandler
   Definitions
      At line 202 in file ..\..\lpcopen_v2_00a_keil_iar_nxp_lpcxpresso_11c24\ap
plications\lpc11xx\startup_code\keil_startup_lpc11xx.s
   Uses
      At line 93 in file ..\..\lpcopen_v2_00a_keil_iar_nxp_lpcxpresso_11c24\app
lications\lpc11xx\startup_code\keil_startup_lpc11xx.s
      At line 189 in file ..\..\lpcopen_v2_00a_keil_iar_nxp_lpcxpresso_11c24\ap
plications\lpc11xx\startup_code\keil_startup_lpc11xx.s

TIMER32_1_IRQHandler 0000001C

Symbol: TIMER32_1_IRQHandler
   Definitions
      At line 203 in file ..\..\lpcopen_v2_00a_keil_iar_nxp_lpcxpresso_11c24\ap
plications\lpc11xx\startup_code\keil_startup_lpc11xx.s
   Uses
      At line 94 in file ..\..\lpcopen_v2_00a_keil_iar_nxp_lpcxpresso_11c24\app
lications\lpc11xx\startup_code\keil_startup_lpc11xx.s
      At line 190 in file ..\..\lpcopen_v2_00a_keil_iar_nxp_lpcxpresso_11c24\ap
plications\lpc11xx\startup_code\keil_startup_lpc11xx.s

UART_IRQHandler 0000001C

Symbol: UART_IRQHandler
   Definitions
      At line 205 in file ..\..\lpcopen_v2_00a_keil_iar_nxp_lpcxpresso_11c24\ap
plications\lpc11xx\startup_code\keil_startup_lpc11xx.s
   Uses
      At line 96 in file ..\..\lpcopen_v2_00a_keil_iar_nxp_lpcxpresso_11c24\app
lications\lpc11xx\startup_code\keil_startup_lpc11xx.s
      At line 192 in file ..\..\lpcopen_v2_00a_keil_iar_nxp_lpcxpresso_11c24\ap
plications\lpc11xx\startup_code\keil_startup_lpc11xx.s

UsageFault_Handler 00000010

Symbol: UsageFault_Handler
   Definitions
      At line 156 in file ..\..\lpcopen_v2_00a_keil_iar_nxp_lpcxpresso_11c24\ap
plications\lpc11xx\startup_code\keil_startup_lpc11xx.s
   Uses
      At line 60 in file ..\..\lpcopen_v2_00a_keil_iar_nxp_lpcxpresso_11c24\app
lications\lpc11xx\startup_code\keil_startup_lpc11xx.s



ARM Macro Assembler    Page 6 Alphabetic symbol ordering
Relocatable symbols

      At line 157 in file ..\..\lpcopen_v2_00a_keil_iar_nxp_lpcxpresso_11c24\ap
plications\lpc11xx\startup_code\keil_startup_lpc11xx.s

WAKEUP_IRQHandler 0000001C

Symbol: WAKEUP_IRQHandler
   Definitions
      At line 199 in file ..\..\lpcopen_v2_00a_keil_iar_nxp_lpcxpresso_11c24\ap
plications\lpc11xx\startup_code\keil_startup_lpc11xx.s
   Uses
      At line 75 in file ..\..\lpcopen_v2_00a_keil_iar_nxp_lpcxpresso_11c24\app
lications\lpc11xx\startup_code\keil_startup_lpc11xx.s
      At line 83 in file ..\..\lpcopen_v2_00a_keil_iar_nxp_lpcxpresso_11c24\app
lications\lpc11xx\startup_code\keil_startup_lpc11xx.s
      At line 84 in file ..\..\lpcopen_v2_00a_keil_iar_nxp_lpcxpresso_11c24\app
lications\lpc11xx\startup_code\keil_startup_lpc11xx.s
      At line 85 in file ..\..\lpcopen_v2_00a_keil_iar_nxp_lpcxpresso_11c24\app
lications\lpc11xx\startup_code\keil_startup_lpc11xx.s
      At line 86 in file ..\..\lpcopen_v2_00a_keil_iar_nxp_lpcxpresso_11c24\app
lications\lpc11xx\startup_code\keil_startup_lpc11xx.s
      At line 87 in file ..\..\lpcopen_v2_00a_keil_iar_nxp_lpcxpresso_11c24\app
lications\lpc11xx\startup_code\keil_startup_lpc11xx.s
      At line 186 in file ..\..\lpcopen_v2_00a_keil_iar_nxp_lpcxpresso_11c24\ap
plications\lpc11xx\startup_code\keil_startup_lpc11xx.s

WDT_IRQHandler 0000001C

Symbol: WDT_IRQHandler
   Definitions
      At line 207 in file ..\..\lpcopen_v2_00a_keil_iar_nxp_lpcxpresso_11c24\ap
plications\lpc11xx\startup_code\keil_startup_lpc11xx.s
   Uses
      At line 100 in file ..\..\lpcopen_v2_00a_keil_iar_nxp_lpcxpresso_11c24\ap
plications\lpc11xx\startup_code\keil_startup_lpc11xx.s
      At line 194 in file ..\..\lpcopen_v2_00a_keil_iar_nxp_lpcxpresso_11c24\ap
plications\lpc11xx\startup_code\keil_startup_lpc11xx.s

__user_initial_stackheap 00000020

Symbol: __user_initial_stackheap
   Definitions
      At line 230 in file ..\..\lpcopen_v2_00a_keil_iar_nxp_lpcxpresso_11c24\ap
plications\lpc11xx\startup_code\keil_startup_lpc11xx.s
   Uses
      At line 229 in file ..\..\lpcopen_v2_00a_keil_iar_nxp_lpcxpresso_11c24\ap
plications\lpc11xx\startup_code\keil_startup_lpc11xx.s
Comment: __user_initial_stackheap used once
26 symbols



ARM Macro Assembler    Page 1 Alphabetic symbol ordering
Absolute symbols

Heap_Size 00000100

Symbol: Heap_Size
   Definitions
      At line 37 in file ..\..\lpcopen_v2_00a_keil_iar_nxp_lpcxpresso_11c24\app
lications\lpc11xx\startup_code\keil_startup_lpc11xx.s
   Uses
      At line 41 in file ..\..\lpcopen_v2_00a_keil_iar_nxp_lpcxpresso_11c24\app
lications\lpc11xx\startup_code\keil_startup_lpc11xx.s
      At line 234 in file ..\..\lpcopen_v2_00a_keil_iar_nxp_lpcxpresso_11c24\ap
plications\lpc11xx\startup_code\keil_startup_lpc11xx.s

Stack_Size 00000200

Symbol: Stack_Size
   Definitions
      At line 26 in file ..\..\lpcopen_v2_00a_keil_iar_nxp_lpcxpresso_11c24\app
lications\lpc11xx\startup_code\keil_startup_lpc11xx.s
   Uses
      At line 29 in file ..\..\lpcopen_v2_00a_keil_iar_nxp_lpcxpresso_11c24\app
lications\lpc11xx\startup_code\keil_startup_lpc11xx.s
      At line 233 in file ..\..\lpcopen_v2_00a_keil_iar_nxp_lpcxpresso_11c24\ap
plications\lpc11xx\startup_code\keil_startup_lpc11xx.s

2 symbols



ARM Macro Assembler    Page 1 Alphabetic symbol ordering
External symbols

SystemInit 00000000

Symbol: SystemInit
   Definitions
      At line 123 in file ..\..\lpcopen_v2_00a_keil_iar_nxp_lpcxpresso_11c24\ap
plications\lpc11xx\startup_code\keil_startup_lpc11xx.s
   Uses
      At line 125 in file ..\..\lpcopen_v2_00a_keil_iar_nxp_lpcxpresso_11c24\ap
plications\lpc11xx\startup_code\keil_startup_lpc11xx.s
Comment: SystemInit used once
__main 00000000

Symbol: __main
   Definitions
      At line 124 in file ..\..\lpcopen_v2_00a_keil_iar_nxp_lpcxpresso_11c24\ap
plications\lpc11xx\startup_code\keil_startup_lpc11xx.s
   Uses
      At line 127 in file ..\..\lpcopen_v2_00a_keil_iar_nxp_lpcxpresso_11c24\ap
plications\lpc11xx\startup_code\keil_startup_lpc11xx.s
Comment: __main used once
__use_two_region_memory 00000000

Symbol: __use_two_region_memory
   Definitions
      At line 228 in file ..\..\lpcopen_v2_00a_keil_iar_nxp_lpcxpresso_11c24\ap
plications\lpc11xx\startup_code\keil_startup_lpc11xx.s
   Uses
      None
Comment: __use_two_region_memory unused
3 symbols
381 symbols in table
